TN:
SF:lib/core/foundation/base_repository/base_repository.dart
FNF:0
FNH:0
DA:14,3
DA:16,3
DA:20,3
DA:22,3
DA:24,9
DA:27,5
DA:29,1
DA:33,2
DA:34,1
DA:39,2
DA:42,2
DA:44,4
LF:12
LH:12
end_of_record
TN:
SF:lib/core/foundation/data/failure.dart
FNF:0
FNH:0
DA:10,44
DA:18,4
DA:19,4
DA:20,4
DA:21,4
DA:22,4
DA:23,4
DA:24,4
LF:8
LH:8
end_of_record
TN:
SF:lib/core/foundation/data/result.dart
FNF:0
FNH:0
DA:9,9
DA:11,37
DA:13,4
DA:15,4
DA:17,6
DA:19,1
DA:23,1
DA:24,2
DA:26,2
DA:30,3
DA:31,9
LF:11
LH:11
end_of_record
TN:
SF:lib/core/foundation/failures/failures.dart
FNF:0
FNH:0
DA:6,30
DA:18,1
LF:2
LH:2
end_of_record
TN:
SF:lib/core/foundation/form/base_form.dart
FNF:0
FNH:0
DA:6,2
DA:8,1
DA:9,3
DA:10,3
DA:13,1
DA:15,2
DA:16,2
DA:17,1
LF:8
LH:8
end_of_record
TN:
SF:lib/core/foundation/injector/get.dart
FNF:0
FNH:0
DA:3,6
LF:1
LH:1
end_of_record
TN:
SF:lib/core/foundation/states/state.dart
FNF:0
FNH:0
DA:10,4
DA:12,1
DA:14,1
DA:16,1
DA:18,10
DA:20,6
DA:22,10
DA:24,4
DA:25,4
DA:26,4
DA:27,4
DA:28,4
DA:33,4
DA:34,4
DA:35,4
DA:36,4
DA:37,4
DA:40,4
DA:41,4
DA:42,4
DA:43,4
DA:44,4
LF:22
LH:22
end_of_record
TN:
SF:lib/core/foundation/states/state_extension.dart
FNF:0
FNH:0
DA:7,2
DA:11,2
DA:13,2
DA:15,2
DA:16,4
DA:18,4
LF:6
LH:6
end_of_record
TN:
SF:lib/core/foundation/states/view_state_builder.dart
FNF:0
FNH:0
DA:10,2
DA:14,2
DA:16,2
DA:17,2
DA:21,2
DA:23,2
DA:24,4
DA:25,2
DA:26,10
LF:9
LH:9
end_of_record
TN:
SF:lib/core/foundation/states/view_state_builder_dialog.dart
FNF:0
FNH:0
DA:11,1
DA:16,1
DA:18,1
DA:20,1
DA:24,1
DA:25,3
DA:26,6
DA:30,1
DA:32,1
DA:33,4
DA:36,1
DA:38,1
DA:39,4
DA:42,1
DA:44,1
DA:45,2
DA:46,1
DA:47,5
LF:18
LH:18
end_of_record
TN:
SF:lib/core/i18n/i18n.dart
FNF:0
FNH:0
DA:7,19
DA:9,1
DA:10,1
LF:3
LH:3
end_of_record
TN:
SF:lib/core/i18n/strings/pt_br.dart
FNF:0
FNH:0
DA:4,2
DA:7,2
DA:10,2
DA:13,3
DA:17,3
DA:21,3
DA:24,3
DA:27,2
DA:30,2
DA:31,2
DA:33,2
DA:34,2
DA:36,2
DA:39,3
DA:42,3
DA:46,2
DA:49,3
LF:17
LH:17
end_of_record
TN:
SF:lib/features/login/data/datasources/login_datasource_impl.dart
FNF:0
FNH:0
DA:10,1
DA:12,1
DA:16,2
DA:18,1
DA:20,2
LF:5
LH:5
end_of_record
TN:
SF:lib/features/login/data/handlers/login_exception_handler.dart
FNF:0
FNH:0
DA:8,1
DA:10,1
DA:11,3
DA:12,1
DA:13,3
DA:18,1
DA:19,2
LF:7
LH:7
end_of_record
TN:
SF:lib/features/login/data/mappers/login_request_mapper.dart
FNF:0
FNH:0
DA:5,2
DA:6,2
DA:7,2
DA:8,2
LF:4
LH:4
end_of_record
TN:
SF:lib/features/login/data/mappers/user_info_mapper.dart
FNF:0
FNH:0
DA:5,2
DA:6,2
DA:7,2
DA:8,2
DA:9,2
DA:10,2
LF:6
LH:6
end_of_record
TN:
SF:lib/features/login/data/models/login_request_model.dart
FNF:0
FNH:0
DA:11,4
DA:16,4
DA:18,2
DA:19,6
LF:4
LH:4
end_of_record
TN:
SF:lib/features/login/data/models/user_info_model.dart
FNF:0
FNH:0
DA:15,4
DA:22,2
DA:23,2
DA:25,2
DA:26,10
LF:5
LH:5
end_of_record
TN:
SF:lib/features/login/data/repositories/login_repository_impl.dart
FNF:0
FNH:0
DA:15,1
DA:18,1
DA:20,1
DA:22,2
DA:23,1
DA:24,2
DA:27,1
LF:7
LH:7
end_of_record
TN:
SF:lib/features/login/domain/entities/login_request.dart
FNF:0
FNH:0
DA:7,7
DA:12,1
DA:13,3
LF:3
LH:3
end_of_record
TN:
SF:lib/features/login/domain/entities/user_info.dart
FNF:0
FNH:0
DA:9,7
DA:16,3
DA:17,15
LF:3
LH:3
end_of_record
TN:
SF:lib/features/login/domain/usecases/do_login_usecase.dart
FNF:0
FNH:0
DA:13,1
DA:15,1
DA:19,2
LF:3
LH:3
end_of_record
TN:
SF:lib/features/login/domain/validators/login_validators_impl.dart
FNF:0
FNH:0
DA:7,2
DA:9,2
DA:10,2
DA:11,2
DA:12,4
DA:14,2
DA:16,4
DA:22,2
DA:24,2
DA:25,2
DA:26,2
DA:27,4
DA:29,2
DA:31,4
LF:14
LH:14
end_of_record
TN:
SF:lib/features/login/presentation/login_page/login_page.dart
FNF:0
FNH:0
DA:15,1
DA:17,1
DA:18,1
DA:28,1
DA:30,1
DA:31,1
DA:33,1
DA:34,1
DA:35,1
DA:36,1
DA:37,1
DA:39,1
DA:48,1
DA:50,1
DA:51,1
DA:52,3
DA:54,2
DA:59,1
DA:61,1
DA:63,1
DA:64,3
DA:66,2
DA:71,1
DA:72,2
DA:73,1
DA:74,1
DA:77,3
DA:78,1
DA:80,2
DA:87,2
DA:90,1
DA:91,1
DA:93,2
DA:94,1
DA:98,1
DA:100,2
DA:101,1
DA:103,1
DA:104,1
DA:118,1
DA:119,1
DA:120,2
DA:121,2
DA:124,1
DA:127,2
LF:45
LH:45
end_of_record
TN:
SF:lib/features/login/presentation/login_page/viewmodel/login_view_model.dart
FNF:0
FNH:0
DA:10,1
DA:14,1
DA:15,2
DA:16,3
DA:22,1
DA:23,2
LF:6
LH:6
end_of_record
TN:
SF:lib/features/login/presentation/login_page/widgets/button_widget.dart
FNF:0
FNH:0
DA:10,1
DA:15,1
DA:17,1
DA:21,1
DA:22,2
DA:23,1
DA:27,1
DA:38,1
DA:39,1
LF:9
LH:9
end_of_record
TN:
SF:lib/features/login/presentation/login_page/widgets/login_alert_widget.dart
FNF:0
FNH:0
DA:12,1
DA:14,1
DA:15,1
DA:19,1
DA:21,1
DA:22,3
DA:23,1
DA:25,1
DA:26,1
DA:27,1
DA:28,1
DA:29,5
DA:31,1
DA:32,5
DA:37,1
DA:39,2
DA:40,1
DA:49,1
DA:50,1
DA:51,1
DA:52,1
DA:53,1
LF:22
LH:22
end_of_record
TN:
SF:lib/features/movies/data/datasources/movies_datasource_impl.dart
FNF:0
FNH:0
DA:9,1
DA:11,1
DA:13,2
DA:15,1
DA:21,2
DA:22,4
LF:6
LH:6
end_of_record
TN:
SF:lib/features/movies/data/handlers/movies_exception_handler.dart
FNF:0
FNH:0
DA:8,1
DA:10,1
DA:11,3
DA:12,1
DA:13,3
DA:18,1
DA:19,2
LF:7
LH:7
end_of_record
TN:
SF:lib/features/movies/data/mappers/movies_mapper.dart
FNF:0
FNH:0
DA:5,2
DA:6,2
DA:7,2
DA:8,2
DA:9,4
DA:10,2
DA:11,2
DA:12,4
LF:8
LH:8
end_of_record
TN:
SF:lib/features/movies/data/models/movie_model.dart
FNF:0
FNH:0
DA:20,5
DA:29,1
DA:30,1
DA:32,2
DA:34,14
LF:5
LH:5
end_of_record
TN:
SF:lib/features/movies/data/repositories/movies_repository_impl.dart
FNF:0
FNH:0
DA:13,1
DA:16,1
DA:18,1
DA:20,2
DA:21,2
DA:23,4
LF:6
LH:6
end_of_record
TN:
SF:lib/features/movies/domain/entities/movie.dart
FNF:0
FNH:0
DA:11,8
DA:20,3
DA:22,21
LF:3
LH:3
end_of_record
TN:
SF:lib/features/movies/domain/usecases/get_movies_usecase.dart
FNF:0
FNH:0
DA:12,1
DA:14,1
DA:15,2
LF:3
LH:3
end_of_record
TN:
SF:lib/features/movies/presentation/movies_details_page/movies_details_page.dart
FNF:0
FNH:0
DA:9,2
DA:11,2
DA:12,2
DA:16,2
DA:18,2
DA:19,2
DA:20,8
DA:22,2
DA:23,2
DA:24,2
DA:25,2
DA:27,2
DA:28,2
DA:29,8
DA:33,2
DA:34,4
LF:16
LH:16
end_of_record
TN:
SF:lib/features/movies/presentation/movies_details_page/widgets/movie_card_details.dart
FNF:0
FNH:0
DA:8,2
DA:11,2
DA:15,2
DA:17,2
DA:18,2
DA:20,2
DA:21,2
DA:22,2
DA:24,2
DA:25,2
DA:26,12
DA:38,6
DA:39,1
DA:40,2
DA:43,2
DA:44,4
LF:16
LH:16
end_of_record
TN:
SF:lib/features/movies/presentation/movies_page/movies_page.dart
FNF:0
FNH:0
DA:12,2
DA:14,2
DA:15,2
DA:21,2
DA:23,4
DA:25,2
DA:28,2
DA:30,2
DA:31,2
DA:33,6
DA:35,2
DA:36,4
DA:37,2
DA:38,2
DA:40,1
DA:41,1
DA:43,1
DA:44,1
DA:45,1
DA:46,1
DA:51,2
DA:58,2
DA:59,1
DA:61,3
LF:24
LH:24
end_of_record
TN:
SF:lib/features/movies/presentation/movies_page/viewmodels/movies_view_model.dart
FNF:0
FNH:0
DA:9,1
DA:15,1
DA:16,2
DA:17,3
LF:4
LH:4
end_of_record
TN:
SF:lib/features/movies/presentation/movies_page/widgets/movie_tile_widget.dart
FNF:0
FNH:0
DA:10,1
DA:13,1
DA:15,1
DA:17,1
DA:18,3
DA:19,5
DA:20,1
DA:23,1
DA:24,2
DA:25,3
DA:28,2
DA:33,1
DA:34,2
DA:35,1
DA:36,3
LF:15
LH:15
end_of_record
